<?xml version="1.0" encoding="UTF-8"?>
<!-- Generated by org.testng.reporters.JUnitXMLReporter -->
<testsuite hostname="msizi-mondia" ignored="0" name="Surefire test" tests="7" failures="0" timestamp="02 Jul 2019 14:36:45 GMT" time="9.571" errors="0">
  <testcase name="testTesting on testTesting(com.totalbeginner.springbootswaggerdemo.resource.HelloResourceTest)" time="5.864" classname="com.totalbeginner.springbootswaggerdemo.resource.HelloResourceTest"/>
  <testcase name="tesHelloWorld on tesHelloWorld(com.totalbeginner.springbootswaggerdemo.resource.HelloResourceTest)" time="5.924" classname="com.totalbeginner.springbootswaggerdemo.resource.HelloResourceTest"/>
  <testcase name="testUserName on testUserName(com.totalbeginner.springbootswaggerdemo.resource.UserTest)" time="0.002" classname="com.totalbeginner.springbootswaggerdemo.resource.UserTest"/>
  <testcase name="testUserSalary on testUserSalary(com.totalbeginner.springbootswaggerdemo.resource.UserTest)" time="0.002" classname="com.totalbeginner.springbootswaggerdemo.resource.UserTest"/>
  <testcase name="testGetAUser on testGetAUser(com.totalbeginner.springbootswaggerdemo.resource.UserResourceTest)" time="1.111" classname="com.totalbeginner.springbootswaggerdemo.resource.UserResourceTest"/>
  <testcase name="testGetAllUsers on testGetAllUsers(com.totalbeginner.springbootswaggerdemo.resource.UserResourceTest)" time="1.134" classname="com.totalbeginner.springbootswaggerdemo.resource.UserResourceTest"/>
  <testcase name="contextLoads on contextLoads(com.totalbeginner.springbootswaggerdemo.SpringBootSwaggerDemoApplicationTests)" time="1.762" classname="com.totalbeginner.springbootswaggerdemo.SpringBootSwaggerDemoApplicationTests"/>
</testsuite> <!-- Surefire test -->
